<?xml version="1.0" encoding="UTF-8"?>
<testsuite name="fr.ubordeaux.ao.domain.model.QuestionnaryTest" tests="1" skipped="0" failures="0" errors="0" timestamp="2019-11-07T09:20:53" hostname="eliot-X510UAR" time="0.016">
  <properties/>
  <testcase name="shouldComputeScore" classname="fr.ubordeaux.ao.domain.model.QuestionnaryTest" time="0.016"/>
  <system-out><![CDATA[]]></system-out>
  <system-err><![CDATA[]]></system-err>
</testsuite>
